Using pre-set license
Built from '2021.3/staging' branch; Version is '2021.3.19f1 (c9714fde33b6) revision 13201743'; Using compiler version '192829333'; Build Type 'Release'
OS: 'Windows 11  (10.0.22000) 64bit Core' Language: 'en' Physical Memory: 16179 MB
BatchMode: 1, IsHumanControllingUs: 0, StartBugReporterOnCrash: 0, Is64bit: 1, IsPro: 1

COMMAND LINE ARGUMENTS:
C:\Program Files\Unity\Hub\Editor\2021.3.19f1\Editor\Unity.exe
-adb2
-batchMode
-noUpm
-name
AssetImportWorker0
-projectPath
C:/Users/luvto/Desktop/School 2022/GameDev2Final
-logFile
Logs/AssetImportWorker0.log
-srvPort
62422
Successfully changed project path to: C:/Users/luvto/Desktop/School 2022/GameDev2Final
C:/Users/luvto/Desktop/School 2022/GameDev2Final
[UnityMemory] Configuration Parameters - Can be set up in boot.config
    "memorysetup-bucket-allocator-granularity=16"
    "memorysetup-bucket-allocator-bucket-count=8"
    "memorysetup-bucket-allocator-block-size=33554432"
    "memorysetup-bucket-allocator-block-count=8"
    "memorysetup-main-allocator-block-size=16777216"
    "memorysetup-thread-allocator-block-size=16777216"
    "memorysetup-gfx-main-allocator-block-size=16777216"
    "memorysetup-gfx-thread-allocator-block-size=16777216"
    "memorysetup-cache-allocator-block-size=4194304"
    "memorysetup-typetree-allocator-block-size=2097152"
    "memorysetup-profiler-bucket-allocator-granularity=16"
    "memorysetup-profiler-bucket-allocator-bucket-count=8"
    "memorysetup-profiler-bucket-allocator-block-size=33554432"
    "memorysetup-profiler-bucket-allocator-block-count=8"
    "memorysetup-profiler-allocator-block-size=16777216"
    "memorysetup-profiler-editor-allocator-block-size=1048576"
    "memorysetup-temp-allocator-size-main=16777216"
    "memorysetup-job-temp-allocator-block-size=2097152"
    "memorysetup-job-temp-allocator-block-size-background=1048576"
    "memorysetup-job-temp-allocator-reduction-small-platforms=262144"
    "memorysetup-temp-allocator-size-background-worker=32768"
    "memorysetup-temp-allocator-size-job-worker=262144"
    "memorysetup-temp-allocator-size-preload-manager=33554432"
    "memorysetup-temp-allocator-size-nav-mesh-worker=65536"
    "memorysetup-temp-allocator-size-audio-worker=65536"
    "memorysetup-temp-allocator-size-cloud-worker=32768"
    "memorysetup-temp-allocator-size-gi-baking-worker=262144"
    "memorysetup-temp-allocator-size-gfx=262144"
Player connection [14484] Host "[IP] 10.0.0.220 [Port] 0 [Flags] 2 [Guid] 2725797642 [EditorId] 2725797642 [Version] 1048832 [Id] WindowsEditor(7,riskybusinu) [Debug] 1 [PackageName] WindowsEditor [ProjectName] Editor" joined multi-casting on [225.0.0.222:54997]...

Player connection [14484] Host "[IP] 10.0.0.220 [Port] 0 [Flags] 2 [Guid] 2725797642 [EditorId] 2725797642 [Version] 1048832 [Id] WindowsEditor(7,riskybusinu) [Debug] 1 [PackageName] WindowsEditor [ProjectName] Editor" joined alternative multi-casting on [225.0.0.222:34997]...

Refreshing native plugins compatible for Editor in 104.93 ms, found 3 plugins.
Preloading 0 native plugins for Editor in 0.00 ms.
Initialize engine version: 2021.3.19f1 (c9714fde33b6)
[Subsystems] Discovering subsystems at path C:/Program Files/Unity/Hub/Editor/2021.3.19f1/Editor/Data/Resources/UnitySubsystems
[Subsystems] Discovering subsystems at path C:/Users/luvto/Desktop/School 2022/GameDev2Final/Assets
GfxDevice: creating device client; threaded=0; jobified=0
Direct3D:
    Version:  Direct3D 11.0 [level 11.1]
    Renderer: Intel(R) Iris(R) Xe Graphics (ID=0x9a49)
    Vendor:   Intel
    VRAM:     8089 MB
    Driver:   30.0.100.9864
Initialize mono
Mono path[0] = 'C:/Program Files/Unity/Hub/Editor/2021.3.19f1/Editor/Data/Managed'
Mono path[1] = 'C:/Program Files/Unity/Hub/Editor/2021.3.19f1/Editor/Data/MonoBleedingEdge/lib/mono/unityjit-win32'
Mono config path = 'C:/Program Files/Unity/Hub/Editor/2021.3.19f1/Editor/Data/MonoBleedingEdge/etc'
Using monoOptions --debugger-agent=transport=dt_socket,embedding=1,server=y,suspend=n,address=127.0.0.1:56468
Begin MonoManager ReloadAssembly
Registering precompiled unity dll's ...
Register platform support module: C:/Program Files/Unity/Hub/Editor/2021.3.19f1/Editor/Data/PlaybackEngines/WindowsStandaloneSupport/UnityEditor.WindowsStandalone.Extensions.dll
Registered in 0.006950 seconds.
Native extension for WindowsStandalone target not found
Refreshing native plugins compatible for Editor in 94.71 ms, found 3 plugins.
Preloading 0 native plugins for Editor in 0.00 ms.
Mono: successfully reloaded assembly
- Completed reload, in  0.901 seconds
Domain Reload Profiling:
	ReloadAssembly (902ms)
		BeginReloadAssembly (77ms)
			ExecutionOrderSort (0ms)
			DisableScriptedObjects (0ms)
			BackupInstance (0ms)
			ReleaseScriptingObjects (0ms)
			CreateAndSetChildDomain (1ms)
		EndReloadAssembly (698ms)
			LoadAssemblies (75ms)
			RebuildTransferFunctionScriptingTraits (0ms)
			SetupTypeCache (119ms)
			ReleaseScriptCaches (0ms)
			RebuildScriptCaches (35ms)
			SetupLoadedEditorAssemblies (486ms)
				LogAssemblyErrors (0ms)
				InitializePlatformSupportModulesInManaged (7ms)
				SetLoadedEditorAssemblies (0ms)
				RefreshPlugins (95ms)
				BeforeProcessingInitializeOnLoad (1ms)
				ProcessInitializeOnLoadAttributes (329ms)
				ProcessInitializeOnLoadMethodAttributes (53ms)
				AfterProcessingInitializeOnLoad (0ms)
				EditorAssembliesLoaded (0ms)
			ExecutionOrderSort2 (0ms)
			AwakeInstancesAfterBackupRestoration (0ms)
Platform modules already initialized, skipping
Registering precompiled user dll's ...
Registered in 0.008310 seconds.
Begin MonoManager ReloadAssembly
Symbol file LoadedFromMemory doesn't match image C:\Users\luvto\Desktop\School 2022\GameDev2Final\Library\PackageCache\com.unity.visualscripting@1.8.0\Editor\VisualScripting.Core\Dependencies\DotNetZip\Unity.VisualScripting.IonicZip.dll
Symbol file LoadedFromMemory doesn't match image C:\Users\luvto\Desktop\School 2022\GameDev2Final\Library\PackageCache\com.unity.visualscripting@1.8.0\Editor\VisualScripting.Core\Dependencies\YamlDotNet\Unity.VisualScripting.YamlDotNet.dll
Native extension for WindowsStandalone target not found
Refreshing native plugins compatible for Editor in 1.12 ms, found 3 plugins.
Preloading 0 native plugins for Editor in 0.00 ms.
Mono: successfully reloaded assembly
- Completed reload, in  1.342 seconds
Domain Reload Profiling:
	ReloadAssembly (1343ms)
		BeginReloadAssembly (118ms)
			ExecutionOrderSort (0ms)
			DisableScriptedObjects (5ms)
			BackupInstance (0ms)
			ReleaseScriptingObjects (0ms)
			CreateAndSetChildDomain (21ms)
		EndReloadAssembly (1083ms)
			LoadAssemblies (98ms)
			RebuildTransferFunctionScriptingTraits (0ms)
			SetupTypeCache (243ms)
			ReleaseScriptCaches (1ms)
			RebuildScriptCaches (54ms)
			SetupLoadedEditorAssemblies (651ms)
				LogAssemblyErrors (0ms)
				InitializePlatformSupportModulesInManaged (4ms)
				SetLoadedEditorAssemblies (0ms)
				RefreshPlugins (1ms)
				BeforeProcessingInitializeOnLoad (91ms)
				ProcessInitializeOnLoadAttributes (430ms)
				ProcessInitializeOnLoadMethodAttributes (119ms)
				AfterProcessingInitializeOnLoad (4ms)
				EditorAssembliesLoaded (0ms)
			ExecutionOrderSort2 (0ms)
			AwakeInstancesAfterBackupRestoration (5ms)
Platform modules already initialized, skipping
========================================================================
Worker process is ready to serve import requests
Launched and connected shader compiler UnityShaderCompiler.exe after 0.07 seconds
Refreshing native plugins compatible for Editor in 0.81 ms, found 3 plugins.
Preloading 0 native plugins for Editor in 0.00 ms.
Unloading 3922 Unused Serialized files (Serialized files now loaded: 0)
Unloading 65 unused Assets / (57.2 KB). Loaded Objects now: 4352.
Memory consumption went from 132.5 MB to 132.4 MB.
Total: 7.764200 ms (FindLiveObjects: 0.306600 ms CreateObjectMapping: 0.512400 ms MarkObjects: 6.835400 ms  DeleteObjects: 0.108400 ms)

AssetImportParameters requested are different than current active one (requested -> active):
  custom:video-decoder-ogg-theora: a1e56fd34408186e4bbccfd4996cb3dc -> 
  custom:container-muxer-webm: aa71ff27fc2769a1b78a27578f13a17b -> 
  custom:container-demuxer-webm: 4f35f7cbe854078d1ac9338744f61a02 -> 
  custom:video-encoder-webm-vp8: eb34c28f22e8b96e1ab97ce403110664 -> 
  custom:audio-encoder-webm-vorbis: bf7c407c2cedff20999df2af8eb42d56 -> 
  custom:framework-win-MediaFoundation: 216162199b28c13a410421893ffa2e32 -> 
  custom:container-demuxer-ogg: 62fdf1f143b41e24485cea50d1cbac27 -> 
  custom:video-decoder-webm-vp8: 9c59270c3fd7afecdb556c50c9e8de78 -> 
  custom:audio-decoder-ogg-vorbis: bf7c407c2cedff20999df2af8eb42d56 -> 
========================================================================
Received Import Request.
  Time since last request: 107131.968405 seconds.
  path: Assets
  artifactKey: Guid(00000000000000001000000000000000) Importer(815301076,1909f56bfc062723c751e8b465ee728b)
Start importing Assets using Guid(00000000000000001000000000000000) Importer(815301076,1909f56bfc062723c751e8b465ee728b)  -> (artifact id: '79842766b460edbeab6a34051e857a80') in 0.025872 seconds 
========================================================================
Received Import Request.
  Time since last request: 0.288881 seconds.
  path: Assets/Art
  artifactKey: Guid(f932e8a1275827b44b4d1c5b89a889a8) Importer(815301076,1909f56bfc062723c751e8b465ee728b)
Start importing Assets/Art using Guid(f932e8a1275827b44b4d1c5b89a889a8) Importer(815301076,1909f56bfc062723c751e8b465ee728b)  -> (artifact id: 'b0ddcd7282b2e4988439868435e2f842') in 0.016905 seconds 
========================================================================
Received Import Request.
  Time since last request: 24.777343 seconds.
  path: Assets/Art/Lab Tiles.png
  artifactKey: Guid(24c88a9495faeb84e904b27594878960) Importer(815301076,1909f56bfc062723c751e8b465ee728b)
Start importing Assets/Art/Lab Tiles.png using Guid(24c88a9495faeb84e904b27594878960) Importer(815301076,1909f56bfc062723c751e8b465ee728b)  -> (artifact id: '04d62a8b7a10c084ffc776fff3ed4377') in 0.331523 seconds 
========================================================================
Received Import Request.
  Time since last request: 146.943473 seconds.
  path: Assets/Art/Tilesets
  artifactKey: Guid(41f8d9996a1d42a4db9de313e453ce0b) Importer(815301076,1909f56bfc062723c751e8b465ee728b)
Start importing Assets/Art/Tilesets using Guid(41f8d9996a1d42a4db9de313e453ce0b) Importer(815301076,1909f56bfc062723c751e8b465ee728b)  -> (artifact id: '835269988a7ad9724104d7e9320e1de1') in 0.013504 seconds 
========================================================================
Received Import Request.
  Time since last request: 0.335419 seconds.
  path: Assets/Art/Tilesets/Lab.prefab
  artifactKey: Guid(73f59f7121ca57549be639511e33e2b2) Importer(815301076,1909f56bfc062723c751e8b465ee728b)
Start importing Assets/Art/Tilesets/Lab.prefab using Guid(73f59f7121ca57549be639511e33e2b2) Importer(815301076,1909f56bfc062723c751e8b465ee728b)  -> (artifact id: 'bd7dc015b14ad5d0ce39e44fcadc3821') in 0.082625 seconds 
========================================================================
Received Import Request.
  Time since last request: 7.715131 seconds.
  path: Assets/Art/Tilesets/Lab.prefab
  artifactKey: Guid(73f59f7121ca57549be639511e33e2b2) Importer(815301076,1909f56bfc062723c751e8b465ee728b)
Start importing Assets/Art/Tilesets/Lab.prefab using Guid(73f59f7121ca57549be639511e33e2b2) Importer(815301076,1909f56bfc062723c751e8b465ee728b)  -> (artifact id: '6fe9b8793294700b2842db9034bc5fb7') in 0.030811 seconds 
========================================================================
Received Import Request.
  Time since last request: 1.660910 seconds.
  path: Assets/Art/Tilesets/Tiles
  artifactKey: Guid(82ac27cac688cfd458b72ab895ad4d29) Importer(815301076,1909f56bfc062723c751e8b465ee728b)
Start importing Assets/Art/Tilesets/Tiles using Guid(82ac27cac688cfd458b72ab895ad4d29) Importer(815301076,1909f56bfc062723c751e8b465ee728b)  -> (artifact id: '5c2aad6e14d4fff38cd9848b274daab3') in 0.017331 seconds 
========================================================================
Received Import Request.
  Time since last request: 0.053372 seconds.
  path: Assets/Art/Tilesets/Tiles/Lab Tiles_0.asset
  artifactKey: Guid(7172493142176bd4fb1c2bd7dcec4672) Importer(815301076,1909f56bfc062723c751e8b465ee728b)
Start importing Assets/Art/Tilesets/Tiles/Lab Tiles_0.asset using Guid(7172493142176bd4fb1c2bd7dcec4672) Importer(815301076,1909f56bfc062723c751e8b465ee728b)  -> (artifact id: 'd1340dedbe98191682e7a2c90b86edeb') in 0.024853 seconds 
========================================================================
Received Import Request.
  Time since last request: 0.000027 seconds.
  path: Assets/Art/Tilesets/Tiles/Lab Tiles_3.asset
  artifactKey: Guid(f99d8bfa55d59dc4aa249e192fbeea25) Importer(815301076,1909f56bfc062723c751e8b465ee728b)
Start importing Assets/Art/Tilesets/Tiles/Lab Tiles_3.asset using Guid(f99d8bfa55d59dc4aa249e192fbeea25) Importer(815301076,1909f56bfc062723c751e8b465ee728b)  -> (artifact id: '40c1736d0c78c1d563ff3919e8944de7') in 0.026852 seconds 
========================================================================
Received Import Request.
  Time since last request: 0.000034 seconds.
  path: Assets/Art/Tilesets/Tiles/Lab Tiles_14.asset
  artifactKey: Guid(fe4090c0dec0dd94d88e437d94adb45d) Importer(815301076,1909f56bfc062723c751e8b465ee728b)
Start importing Assets/Art/Tilesets/Tiles/Lab Tiles_14.asset using Guid(fe4090c0dec0dd94d88e437d94adb45d) Importer(815301076,1909f56bfc062723c751e8b465ee728b)  -> (artifact id: 'e8796347f725697698e0267558f58c2f') in 0.029943 seconds 
========================================================================
Received Import Request.
  Time since last request: 0.000021 seconds.
  path: Assets/Art/Tilesets/Tiles/Lab Tiles_5.asset
  artifactKey: Guid(c825eeb7bc468c141bd43fc28c907a83) Importer(815301076,1909f56bfc062723c751e8b465ee728b)
Start importing Assets/Art/Tilesets/Tiles/Lab Tiles_5.asset using Guid(c825eeb7bc468c141bd43fc28c907a83) Importer(815301076,1909f56bfc062723c751e8b465ee728b)  -> (artifact id: 'cea451c467bfab014fb9e187171f18f1') in 0.020187 seconds 
========================================================================
Received Import Request.
  Time since last request: 0.000041 seconds.
  path: Assets/Art/Tilesets/Tiles/Lab Tiles_20.asset
  artifactKey: Guid(79286d1b379114b4fb1b947b102a4a41) Importer(815301076,1909f56bfc062723c751e8b465ee728b)
Start importing Assets/Art/Tilesets/Tiles/Lab Tiles_20.asset using Guid(79286d1b379114b4fb1b947b102a4a41) Importer(815301076,1909f56bfc062723c751e8b465ee728b)  -> (artifact id: '345ddd978adb868fed5419fc5355f4a7') in 0.023187 seconds 
========================================================================
Received Import Request.
  Time since last request: 0.000034 seconds.
  path: Assets/Art/Tilesets/Tiles/Lab Tiles_4.asset
  artifactKey: Guid(c989b2fb81cd31f408b5de6d52f594ef) Importer(815301076,1909f56bfc062723c751e8b465ee728b)
Start importing Assets/Art/Tilesets/Tiles/Lab Tiles_4.asset using Guid(c989b2fb81cd31f408b5de6d52f594ef) Importer(815301076,1909f56bfc062723c751e8b465ee728b)  -> (artifact id: '094c1e265539f3224ae46234f2fb7129') in 0.020240 seconds 
========================================================================
Received Import Request.
  Time since last request: 0.000031 seconds.
  path: Assets/Art/Tilesets/Tiles/Lab Tiles_6.asset
  artifactKey: Guid(8b01c91c106125746a926d513d7cf2ac) Importer(815301076,1909f56bfc062723c751e8b465ee728b)
Start importing Assets/Art/Tilesets/Tiles/Lab Tiles_6.asset using Guid(8b01c91c106125746a926d513d7cf2ac) Importer(815301076,1909f56bfc062723c751e8b465ee728b)  -> (artifact id: 'f00c14a6141c02916107e4e7e23c37c7') in 0.020432 seconds 
========================================================================
Received Import Request.
  Time since last request: 0.000027 seconds.
  path: Assets/Art/Tilesets/Tiles/Lab Tiles_18.asset
  artifactKey: Guid(04a0aa25accf0d042b172a51bc9fa3f2) Importer(815301076,1909f56bfc062723c751e8b465ee728b)
Start importing Assets/Art/Tilesets/Tiles/Lab Tiles_18.asset using Guid(04a0aa25accf0d042b172a51bc9fa3f2) Importer(815301076,1909f56bfc062723c751e8b465ee728b)  -> (artifact id: 'a7f9af9f9f2d22fc6d44d23e20bd8209') in 0.027482 seconds 
========================================================================
Received Import Request.
  Time since last request: 0.000058 seconds.
  path: Assets/Art/Tilesets/Tiles/Lab Tiles_21.asset
  artifactKey: Guid(fea5ab4f986e7984db293bbbc50483e6) Importer(815301076,1909f56bfc062723c751e8b465ee728b)
Start importing Assets/Art/Tilesets/Tiles/Lab Tiles_21.asset using Guid(fea5ab4f986e7984db293bbbc50483e6) Importer(815301076,1909f56bfc062723c751e8b465ee728b)  -> (artifact id: '18d09ae1275cf88296bbd4a07c226d9f') in 0.023333 seconds 
========================================================================
Received Import Request.
  Time since last request: 0.000023 seconds.
  path: Assets/Art/Tilesets/Tiles/Lab Tiles_16.asset
  artifactKey: Guid(ff99c5281b3fbad4ea0a01e2903b26fd) Importer(815301076,1909f56bfc062723c751e8b465ee728b)
Start importing Assets/Art/Tilesets/Tiles/Lab Tiles_16.asset using Guid(ff99c5281b3fbad4ea0a01e2903b26fd) Importer(815301076,1909f56bfc062723c751e8b465ee728b)  -> (artifact id: 'b819e81355a6d9adae2ffad127962627') in 0.023095 seconds 
========================================================================
Received Import Request.
  Time since last request: 0.000041 seconds.
  path: Assets/Art/Tilesets/Tiles/Lab Tiles_13.asset
  artifactKey: Guid(669200b3f4159b54ca5c44030a0df90b) Importer(815301076,1909f56bfc062723c751e8b465ee728b)
Start importing Assets/Art/Tilesets/Tiles/Lab Tiles_13.asset using Guid(669200b3f4159b54ca5c44030a0df90b) Importer(815301076,1909f56bfc062723c751e8b465ee728b)  -> (artifact id: '038498d5cdd0717efdb02d3dc8dc446f') in 0.024368 seconds 
========================================================================
Received Import Request.
  Time since last request: 0.000024 seconds.
  path: Assets/Art/Tilesets/Tiles/Lab Tiles_2.asset
  artifactKey: Guid(e2ec8611511f9a8419a7ae4972c43bb2) Importer(815301076,1909f56bfc062723c751e8b465ee728b)
Start importing Assets/Art/Tilesets/Tiles/Lab Tiles_2.asset using Guid(e2ec8611511f9a8419a7ae4972c43bb2) Importer(815301076,1909f56bfc062723c751e8b465ee728b)  -> (artifact id: '7e43d10408c11912c622506fde34b338') in 0.018371 seconds 
========================================================================
Received Import Request.
  Time since last request: 0.000027 seconds.
  path: Assets/Art/Tilesets/Tiles/Lab Tiles_9.asset
  artifactKey: Guid(ee7815ec7a6ca624da7391d74b30abbb) Importer(815301076,1909f56bfc062723c751e8b465ee728b)
Start importing Assets/Art/Tilesets/Tiles/Lab Tiles_9.asset using Guid(ee7815ec7a6ca624da7391d74b30abbb) Importer(815301076,1909f56bfc062723c751e8b465ee728b)  -> (artifact id: '15244f411fe69a23f8f7659a6379b19c') in 0.023894 seconds 
========================================================================
Received Import Request.
  Time since last request: 0.000027 seconds.
  path: Assets/Art/Tilesets/Tiles/Lab Tiles_12.asset
  artifactKey: Guid(9b9163c406bea2a41a8c4288b2ce0077) Importer(815301076,1909f56bfc062723c751e8b465ee728b)
Start importing Assets/Art/Tilesets/Tiles/Lab Tiles_12.asset using Guid(9b9163c406bea2a41a8c4288b2ce0077) Importer(815301076,1909f56bfc062723c751e8b465ee728b)  -> (artifact id: '27061f26d37ca0e08899542d1d8a8387') in 0.027700 seconds 
Editor requested this worker to shutdown with reason: Scaling down because of idle timeout
AssetImportWorker is now disconnected from the server
Process exiting
Exiting without the bug reporter. Application will terminate with return code 0